<?xml version="1.0" encoding="UTF-8"?>
<!-- Generated by org.testng.reporters.JUnitReportReporter -->
<testsuite hostname="LAPTOP-LECUR5M7" failures="0" tests="2" name="TestNgTopics.CrossBrowserTesting" time="96.259" errors="0" timestamp="2024-07-08T15:36:01 IST" skipped="0">
  <testcase classname="TestNgTopics.CrossBrowserTesting" name="launch" time="84.708"/>
  <system-out/>
  <testcase classname="TestNgTopics.CrossBrowserTesting" name="launch" time="11.551"/>
  <system-out/>
</testsuite> <!-- TestNgTopics.CrossBrowserTesting -->
