<?xml version="1.0" encoding="UTF-8"?>
<!-- Generated by org.testng.reporters.JUnitReportReporter -->
<testsuite hostname="LAPTOP-LECUR5M7" failures="0" tests="2" name="TestNgTopics.invocationattribute" time="0.023" errors="0" timestamp="2024-07-02T14:43:57 IST" skipped="0">
  <testcase classname="TestNgTopics.invocationattribute" name="demo" time="0.020"/>
  <system-out>
testing  </system-out>
  <testcase classname="TestNgTopics.invocationattribute" name="demo" time="0.003"/>
  <system-out>
testing  </system-out>
</testsuite> <!-- TestNgTopics.invocationattribute -->
