<?xml version="1.0" encoding="UTF-8"?>
<!-- Generated by org.testng.reporters.JUnitReportReporter -->
<testsuite hostname="LAPTOP-LECUR5M7" failures="0" tests="2" name="TestNgTopics.EnableHelperattribute" time="12.147" errors="0" timestamp="2024-07-02T15:29:42 IST" skipped="1">
  <testcase classname="TestNgTopics.EnableHelperattribute" name="launch" time="12.147"/>
  <system-out/>
  <testcase classname="TestNgTopics.EnableHelperattribute" name="launch1">
    <skipped/>
  </testcase> <!-- launch1 -->
  <system-out/>
</testsuite> <!-- TestNgTopics.EnableHelperattribute -->
