<?xml version="1.0" encoding="UTF-8"?>
<!-- Generated by org.testng.reporters.JUnitReportReporter -->
<testsuite hostname="LAPTOP-LECUR5M7" failures="0" tests="3" name="TestNgTopics.MultipleDatausingDataProvider" time="100.540" errors="0" timestamp="2024-07-11T19:53:11 IST" skipped="0">
  <testcase classname="TestNgTopics.MultipleDatausingDataProvider" name="details" time="32.052"/>
  <system-out/>
  <testcase classname="TestNgTopics.MultipleDatausingDataProvider" name="details" time="31.555"/>
  <system-out/>
  <testcase classname="TestNgTopics.MultipleDatausingDataProvider" name="details" time="36.933"/>
  <system-out/>
</testsuite> <!-- TestNgTopics.MultipleDatausingDataProvider -->
