<?xml version="1.0" encoding="UTF-8"?>
<!-- Generated by org.testng.reporters.JUnitReportReporter -->
<testsuite hostname="LAPTOP-LECUR5M7" failures="0" tests="1" name="ScriptUsingTestNg.TestNgScriptUsingPom_Utils" time="44.010" errors="0" timestamp="2024-07-04T15:37:42 IST" skipped="0">
  <testcase classname="ScriptUsingTestNg.TestNgScriptUsingPom_Utils" name="script1" time="44.010"/>
  <system-out/>
</testsuite> <!-- ScriptUsingTestNg.TestNgScriptUsingPom_Utils -->
