<?xml version="1.0" encoding="UTF-8"?>
<!-- Generated by org.testng.reporters.JUnitReportReporter -->
<testsuite hostname="LAPTOP-LECUR5M7" failures="0" tests="1" name="ScriptUsingTestNg.ScriptForCampaignUsingTestNg" time="35.812" errors="0" timestamp="2024-07-15T14:47:13 IST" skipped="0">
  <testcase classname="ScriptUsingTestNg.ScriptForCampaignUsingTestNg" name="script6" time="35.812"/>
  <system-out>
    <![CDATA[Tes Script Execution started
Test script passed]]>
  </system-out>
</testsuite> <!-- ScriptUsingTestNg.ScriptForCampaignUsingTestNg -->
