<?xml version="1.0" encoding="UTF-8"?>
<!-- Generated by org.testng.reporters.JUnitReportReporter -->
<testsuite hostname="LAPTOP-LECUR5M7" failures="0" tests="1" name="TestNgTopics.Script1_login$script1" time="40.084" errors="0" timestamp="2024-07-01T15:16:03 IST" skipped="0">
  <testcase classname="TestNgTopics.Script1_login$script1" name="launch" time="40.084"/>
  <system-out>
testNg  </system-out>
</testsuite> <!-- TestNgTopics.Script1_login$script1 -->
