<?xml version="1.0" encoding="UTF-8"?>
<!-- Generated by org.testng.reporters.JUnitReportReporter -->
<testsuite hostname="LAPTOP-LECUR5M7" failures="0" tests="1" name="ScriptUsingTestNg.TestNgScriptUsingPom_UtilsForOrganisation" time="29.170" errors="0" timestamp="2024-07-11T21:41:13 IST" skipped="0">
  <testcase classname="ScriptUsingTestNg.TestNgScriptUsingPom_UtilsForOrganisation" name="script1" time="29.170"/>
  <system-out/>
</testsuite> <!-- ScriptUsingTestNg.TestNgScriptUsingPom_UtilsForOrganisation -->
