<?xml version="1.0" encoding="UTF-8"?>
<!-- Generated by org.testng.reporters.JUnitReportReporter -->
<testsuite hostname="LAPTOP-LECUR5M7" failures="0" tests="2" name="TestNgTopics.ThreadPoolsizeattribute" time="24.809" errors="0" timestamp="2024-07-02T15:11:53 IST" skipped="0">
  <testcase classname="TestNgTopics.ThreadPoolsizeattribute" name="launch" time="12.883"/>
  <system-out/>
  <testcase classname="TestNgTopics.ThreadPoolsizeattribute" name="launch" time="11.926"/>
  <system-out/>
</testsuite> <!-- TestNgTopics.ThreadPoolsizeattribute -->
