<?xml version="1.0" encoding="UTF-8"?>
<!-- Generated by org.testng.reporters.JUnitReportReporter -->
<testsuite hostname="LAPTOP-LECUR5M7" failures="0" tests="1" name="ScriptUsingTestNg.ScriptForLeadsForLeadsUsingTestNG" time="195.428" errors="0" timestamp="2024-07-09T14:47:54 IST" skipped="0">
  <testcase classname="ScriptUsingTestNg.ScriptForLeadsForLeadsUsingTestNG" name="script3" time="195.428"/>
  <system-out/>
</testsuite> <!-- ScriptUsingTestNg.ScriptForLeadsForLeadsUsingTestNG -->
