<?xml version="1.0" encoding="UTF-8"?>
<!-- Generated by org.testng.reporters.JUnitReportReporter -->
<testsuite hostname="LAPTOP-LECUR5M7" failures="0" tests="2" name="TestNgTopics.DataProvider_testngtopic" time="0.019" errors="0" timestamp="2024-07-09T15:45:24 IST" skipped="0">
  <testcase classname="TestNgTopics.DataProvider_testngtopic" name="details" time="0.003"/>
  <system-out>
    <![CDATA[pallu
O+
pallu@gmail.com]]>
  </system-out>
  <testcase classname="TestNgTopics.DataProvider_testngtopic" name="details" time="0.016"/>
  <system-out>
    <![CDATA[pooja
A+
pooja@gmail.com]]>
  </system-out>
</testsuite> <!-- TestNgTopics.DataProvider_testngtopic -->
