<?xml version="1.0" encoding="UTF-8"?>
<!-- Generated by org.testng.reporters.JUnitReportReporter -->
<testsuite hostname="LAPTOP-LECUR5M7" failures="0" tests="1" name="ScriptUsingTestNg.ScriptForContactsUSingTestNg_Test" time="29.612" errors="0" timestamp="2024-07-15T15:42:57 IST" skipped="0">
  <testcase classname="ScriptUsingTestNg.ScriptForContactsUSingTestNg_Test" name="script2" time="29.612"/>
  <system-out>
    <![CDATA[Tes Script Execution started
Test script passed]]>
  </system-out>
</testsuite> <!-- ScriptUsingTestNg.ScriptForContactsUSingTestNg_Test -->
