<?xml version="1.0" encoding="UTF-8"?>
<!-- Generated by org.testng.reporters.JUnitReportReporter -->
<testsuite hostname="LAPTOP-LECUR5M7" failures="0" tests="1" name="ScriptUsingTestNg.ScriptForProductPage" time="206.889" errors="0" timestamp="2024-07-09T14:47:54 IST" skipped="0">
  <testcase classname="ScriptUsingTestNg.ScriptForProductPage" name="Script5" time="206.889"/>
  <system-out/>
</testsuite> <!-- ScriptUsingTestNg.ScriptForProductPage -->
