<?xml version="1.0" encoding="UTF-8"?>
<!-- Generated by org.testng.reporters.JUnitReportReporter -->
<testsuite hostname="LAPTOP-LECUR5M7" failures="0" tests="1" name="ScriptUsingTestNg.ScriptForContactsUSingTestNg" time="55.482" errors="0" timestamp="2024-07-13T15:04:03 IST" skipped="0">
  <testcase classname="ScriptUsingTestNg.ScriptForContactsUSingTestNg" name="script2" time="55.482"/>
  <system-out>
    <![CDATA[Tes Script Execution started
Test script passed]]>
  </system-out>
</testsuite> <!-- ScriptUsingTestNg.ScriptForContactsUSingTestNg -->
