<?xml version="1.0" encoding="UTF-8"?>
<!-- Generated by org.testng.reporters.JUnitReportReporter -->
<testsuite hostname="LAPTOP-LECUR5M7" failures="0" tests="1" name="ScriptUsingTestNg.ScriptForDocumentPageUSingTestNG_Test" time="38.765" errors="0" timestamp="2024-07-15T15:42:57 IST" skipped="0">
  <testcase classname="ScriptUsingTestNg.ScriptForDocumentPageUSingTestNG_Test" name="script6" time="38.765"/>
  <system-out>
    <![CDATA[Tes Script Execution started
Test script passed]]>
  </system-out>
</testsuite> <!-- ScriptUsingTestNg.ScriptForDocumentPageUSingTestNG_Test -->
